2024-09-06 22:34:47.474 [info] Extension host with pid 12276 started
2024-09-06 22:34:47.484 [info] Lock '/home/chetsadaphonkantiya/.vscode-server/data/User/workspaceStorage/2726c7b7dc5d9af6e19624edbf801d64/vscode.lock': Lock acquired.
2024-09-06 22:34:47.562 [info] ExtensionService#_doActivateExtension vscode.emmet, startup: false, activationEvent: 'onLanguage'
2024-09-06 22:34:47.607 [info] ExtensionService#_doActivateExtension vscode.git-base, startup: true, activationEvent: '*', root cause: vscode.git
2024-09-06 22:34:47.618 [info] ExtensionService#_doActivateExtension vscode.git, startup: true, activationEvent: '*'
2024-09-06 22:34:47.618 [info] ExtensionService#_doActivateExtension vscode.github, startup: true, activationEvent: '*'
2024-09-06 22:34:47.772 [info] Eager extensions activated
2024-09-06 22:34:47.772 [info] ExtensionService#_doActivateExtension vscode.debug-auto-launch, startup: false, activationEvent: 'onStartupFinished'
2024-09-06 22:34:47.772 [info] ExtensionService#_doActivateExtension vscode.merge-conflict, startup: false, activationEvent: 'onStartupFinished'
2024-09-06 22:36:33.890 [info] ExtensionService#_doActivateExtension vscode.npm, startup: false, activationEvent: 'onTerminalQuickFixRequest:ms-vscode.npm-command'
2024-09-06 22:36:39.075 [info] ExtensionService#_doActivateExtension vscode.configuration-editing, startup: false, activationEvent: 'onLanguage:json'
2024-09-06 22:36:39.075 [info] ExtensionService#_doActivateExtension vscode.extension-editing, startup: false, activationEvent: 'onLanguage:json'
2024-09-06 22:36:39.075 [info] ExtensionService#_doActivateExtension vscode.json-language-features, startup: false, activationEvent: 'onLanguage:json'
2024-09-06 22:42:31.522 [error] Error: Failed to execute git
	at ChildProcess.a (/home/chetsadaphonkantiya/.vscode-server/bin/4849ca9bdf9666755eb463db297b69e5385090e3/extensions/git/dist/main.js:2:930439)
	at ChildProcess.emit (node:events:519:28)
	at maybeClose (node:internal/child_process:1105:16)
	at ChildProcess._handle.onexit (node:internal/child_process:305:5)
2024-09-06 22:43:02.938 [error] Error: Git error
	at ChildProcess.<anonymous> (/home/chetsadaphonkantiya/.vscode-server/bin/4849ca9bdf9666755eb463db297b69e5385090e3/extensions/git/dist/main.js:2:1031708)
	at ChildProcess.emit (node:events:531:35)
	at ChildProcess._handle.onexit (node:internal/child_process:294:12)
2024-09-06 22:43:02.938 [error] Error: Git error
	at ChildProcess.<anonymous> (/home/chetsadaphonkantiya/.vscode-server/bin/4849ca9bdf9666755eb463db297b69e5385090e3/extensions/git/dist/main.js:2:1031708)
	at ChildProcess.emit (node:events:531:35)
	at ChildProcess._handle.onexit (node:internal/child_process:294:12)
2024-09-06 22:43:02.938 [error] Error: Git error
	at ChildProcess.<anonymous> (/home/chetsadaphonkantiya/.vscode-server/bin/4849ca9bdf9666755eb463db297b69e5385090e3/extensions/git/dist/main.js:2:1031708)
	at ChildProcess.emit (node:events:531:35)
	at ChildProcess._handle.onexit (node:internal/child_process:294:12)
2024-09-06 22:43:03.352 [error] Error: Failed to execute git
	at ChildProcess.a (/home/chetsadaphonkantiya/.vscode-server/bin/4849ca9bdf9666755eb463db297b69e5385090e3/extensions/git/dist/main.js:2:930439)
	at ChildProcess.emit (node:events:519:28)
	at maybeClose (node:internal/child_process:1105:16)
	at Socket.<anonymous> (node:internal/child_process:457:11)
	at Socket.emit (node:events:519:28)
	at Pipe.<anonymous> (node:net:338:12)
2024-09-06 22:43:03.938 [error] Error: Git error
	at ChildProcess.<anonymous> (/home/chetsadaphonkantiya/.vscode-server/bin/4849ca9bdf9666755eb463db297b69e5385090e3/extensions/git/dist/main.js:2:1031708)
	at ChildProcess.emit (node:events:531:35)
	at ChildProcess._handle.onexit (node:internal/child_process:294:12)
2024-09-06 22:43:03.939 [error] Error: Git error
	at ChildProcess.<anonymous> (/home/chetsadaphonkantiya/.vscode-server/bin/4849ca9bdf9666755eb463db297b69e5385090e3/extensions/git/dist/main.js:2:1031708)
	at ChildProcess.emit (node:events:531:35)
	at ChildProcess._handle.onexit (node:internal/child_process:294:12)
2024-09-06 22:43:03.939 [error] Error: Git error
	at ChildProcess.<anonymous> (/home/chetsadaphonkantiya/.vscode-server/bin/4849ca9bdf9666755eb463db297b69e5385090e3/extensions/git/dist/main.js:2:1031708)
	at ChildProcess.emit (node:events:531:35)
	at ChildProcess._handle.onexit (node:internal/child_process:294:12)
2024-09-06 22:43:04.568 [error] Error: Git error
	at ChildProcess.<anonymous> (/home/chetsadaphonkantiya/.vscode-server/bin/4849ca9bdf9666755eb463db297b69e5385090e3/extensions/git/dist/main.js:2:1031708)
	at ChildProcess.emit (node:events:531:35)
	at ChildProcess._handle.onexit (node:internal/child_process:294:12)
2024-09-06 22:43:04.568 [error] Error: Git error
	at ChildProcess.<anonymous> (/home/chetsadaphonkantiya/.vscode-server/bin/4849ca9bdf9666755eb463db297b69e5385090e3/extensions/git/dist/main.js:2:1031708)
	at ChildProcess.emit (node:events:531:35)
	at ChildProcess._handle.onexit (node:internal/child_process:294:12)
2024-09-06 22:43:04.568 [error] Error: Git error
	at ChildProcess.<anonymous> (/home/chetsadaphonkantiya/.vscode-server/bin/4849ca9bdf9666755eb463db297b69e5385090e3/extensions/git/dist/main.js:2:1031708)
	at ChildProcess.emit (node:events:531:35)
	at ChildProcess._handle.onexit (node:internal/child_process:294:12)
2024-09-06 22:43:04.568 [error] Error: Git error
	at ChildProcess.<anonymous> (/home/chetsadaphonkantiya/.vscode-server/bin/4849ca9bdf9666755eb463db297b69e5385090e3/extensions/git/dist/main.js:2:1031708)
	at ChildProcess.emit (node:events:531:35)
	at ChildProcess._handle.onexit (node:internal/child_process:294:12)
2024-09-06 22:43:04.568 [error] Error: Git error
	at ChildProcess.<anonymous> (/home/chetsadaphonkantiya/.vscode-server/bin/4849ca9bdf9666755eb463db297b69e5385090e3/extensions/git/dist/main.js:2:1031708)
	at ChildProcess.emit (node:events:531:35)
	at ChildProcess._handle.onexit (node:internal/child_process:294:12)
2024-09-06 22:43:05.484 [error] Error: Git error
	at ChildProcess.<anonymous> (/home/chetsadaphonkantiya/.vscode-server/bin/4849ca9bdf9666755eb463db297b69e5385090e3/extensions/git/dist/main.js:2:1031708)
	at ChildProcess.emit (node:events:531:35)
	at ChildProcess._handle.onexit (node:internal/child_process:294:12)
2024-09-06 22:43:05.484 [error] Error: Git error
	at ChildProcess.<anonymous> (/home/chetsadaphonkantiya/.vscode-server/bin/4849ca9bdf9666755eb463db297b69e5385090e3/extensions/git/dist/main.js:2:1031708)
	at ChildProcess.emit (node:events:531:35)
	at ChildProcess._handle.onexit (node:internal/child_process:294:12)
2024-09-06 22:43:05.484 [error] Error: Git error
	at ChildProcess.<anonymous> (/home/chetsadaphonkantiya/.vscode-server/bin/4849ca9bdf9666755eb463db297b69e5385090e3/extensions/git/dist/main.js:2:1031708)
	at ChildProcess.emit (node:events:531:35)
	at ChildProcess._handle.onexit (node:internal/child_process:294:12)
2024-09-06 22:43:05.484 [error] Error: Git error
	at ChildProcess.<anonymous> (/home/chetsadaphonkantiya/.vscode-server/bin/4849ca9bdf9666755eb463db297b69e5385090e3/extensions/git/dist/main.js:2:1031708)
	at ChildProcess.emit (node:events:531:35)
	at ChildProcess._handle.onexit (node:internal/child_process:294:12)
2024-09-06 22:43:05.484 [error] Error: Git error
	at ChildProcess.<anonymous> (/home/chetsadaphonkantiya/.vscode-server/bin/4849ca9bdf9666755eb463db297b69e5385090e3/extensions/git/dist/main.js:2:1031708)
	at ChildProcess.emit (node:events:531:35)
	at ChildProcess._handle.onexit (node:internal/child_process:294:12)
2024-09-06 22:43:05.484 [error] Error: Git error
	at ChildProcess.<anonymous> (/home/chetsadaphonkantiya/.vscode-server/bin/4849ca9bdf9666755eb463db297b69e5385090e3/extensions/git/dist/main.js:2:1031708)
	at ChildProcess.emit (node:events:531:35)
	at ChildProcess._handle.onexit (node:internal/child_process:294:12)
2024-09-06 22:43:05.484 [error] Error: Git error
	at ChildProcess.<anonymous> (/home/chetsadaphonkantiya/.vscode-server/bin/4849ca9bdf9666755eb463db297b69e5385090e3/extensions/git/dist/main.js:2:1031708)
	at ChildProcess.emit (node:events:531:35)
	at ChildProcess._handle.onexit (node:internal/child_process:294:12)
2024-09-06 22:43:05.484 [error] Error: Git error
	at ChildProcess.<anonymous> (/home/chetsadaphonkantiya/.vscode-server/bin/4849ca9bdf9666755eb463db297b69e5385090e3/extensions/git/dist/main.js:2:1031708)
	at ChildProcess.emit (node:events:531:35)
	at ChildProcess._handle.onexit (node:internal/child_process:294:12)
2024-09-06 22:43:05.484 [error] Error: Git error
	at ChildProcess.<anonymous> (/home/chetsadaphonkantiya/.vscode-server/bin/4849ca9bdf9666755eb463db297b69e5385090e3/extensions/git/dist/main.js:2:1031708)
	at ChildProcess.emit (node:events:531:35)
	at ChildProcess._handle.onexit (node:internal/child_process:294:12)
2024-09-06 22:43:05.484 [error] Error: Git error
	at ChildProcess.<anonymous> (/home/chetsadaphonkantiya/.vscode-server/bin/4849ca9bdf9666755eb463db297b69e5385090e3/extensions/git/dist/main.js:2:1031708)
	at ChildProcess.emit (node:events:531:35)
	at ChildProcess._handle.onexit (node:internal/child_process:294:12)
2024-09-06 22:43:05.569 [error] Error: Git error
	at ChildProcess.<anonymous> (/home/chetsadaphonkantiya/.vscode-server/bin/4849ca9bdf9666755eb463db297b69e5385090e3/extensions/git/dist/main.js:2:1031708)
	at ChildProcess.emit (node:events:531:35)
	at ChildProcess._handle.onexit (node:internal/child_process:294:12)
2024-09-06 22:43:05.570 [error] Error: Git error
	at ChildProcess.<anonymous> (/home/chetsadaphonkantiya/.vscode-server/bin/4849ca9bdf9666755eb463db297b69e5385090e3/extensions/git/dist/main.js:2:1031708)
	at ChildProcess.emit (node:events:531:35)
	at ChildProcess._handle.onexit (node:internal/child_process:294:12)
2024-09-06 22:43:05.570 [error] Error: Git error
	at ChildProcess.<anonymous> (/home/chetsadaphonkantiya/.vscode-server/bin/4849ca9bdf9666755eb463db297b69e5385090e3/extensions/git/dist/main.js:2:1031708)
	at ChildProcess.emit (node:events:531:35)
	at ChildProcess._handle.onexit (node:internal/child_process:294:12)
2024-09-06 22:43:05.571 [error] Error: Git error
	at ChildProcess.<anonymous> (/home/chetsadaphonkantiya/.vscode-server/bin/4849ca9bdf9666755eb463db297b69e5385090e3/extensions/git/dist/main.js:2:1031708)
	at ChildProcess.emit (node:events:531:35)
	at ChildProcess._handle.onexit (node:internal/child_process:294:12)
2024-09-06 22:43:05.571 [error] Error: Git error
	at ChildProcess.<anonymous> (/home/chetsadaphonkantiya/.vscode-server/bin/4849ca9bdf9666755eb463db297b69e5385090e3/extensions/git/dist/main.js:2:1031708)
	at ChildProcess.emit (node:events:531:35)
	at ChildProcess._handle.onexit (node:internal/child_process:294:12)
2024-09-06 22:43:06.485 [error] Error: Git error
	at ChildProcess.<anonymous> (/home/chetsadaphonkantiya/.vscode-server/bin/4849ca9bdf9666755eb463db297b69e5385090e3/extensions/git/dist/main.js:2:1031708)
	at ChildProcess.emit (node:events:531:35)
	at ChildProcess._handle.onexit (node:internal/child_process:294:12)
2024-09-06 22:43:06.485 [error] Error: Git error
	at ChildProcess.<anonymous> (/home/chetsadaphonkantiya/.vscode-server/bin/4849ca9bdf9666755eb463db297b69e5385090e3/extensions/git/dist/main.js:2:1031708)
	at ChildProcess.emit (node:events:531:35)
	at ChildProcess._handle.onexit (node:internal/child_process:294:12)
2024-09-06 22:43:06.486 [error] Error: Git error
	at ChildProcess.<anonymous> (/home/chetsadaphonkantiya/.vscode-server/bin/4849ca9bdf9666755eb463db297b69e5385090e3/extensions/git/dist/main.js:2:1031708)
	at ChildProcess.emit (node:events:531:35)
	at ChildProcess._handle.onexit (node:internal/child_process:294:12)
2024-09-06 22:43:06.486 [error] Error: Git error
	at ChildProcess.<anonymous> (/home/chetsadaphonkantiya/.vscode-server/bin/4849ca9bdf9666755eb463db297b69e5385090e3/extensions/git/dist/main.js:2:1031708)
	at ChildProcess.emit (node:events:531:35)
	at ChildProcess._handle.onexit (node:internal/child_process:294:12)
2024-09-06 22:43:06.486 [error] Error: Git error
	at ChildProcess.<anonymous> (/home/chetsadaphonkantiya/.vscode-server/bin/4849ca9bdf9666755eb463db297b69e5385090e3/extensions/git/dist/main.js:2:1031708)
	at ChildProcess.emit (node:events:531:35)
	at ChildProcess._handle.onexit (node:internal/child_process:294:12)
2024-09-06 22:43:06.486 [error] Error: Git error
	at ChildProcess.<anonymous> (/home/chetsadaphonkantiya/.vscode-server/bin/4849ca9bdf9666755eb463db297b69e5385090e3/extensions/git/dist/main.js:2:1031708)
	at ChildProcess.emit (node:events:531:35)
	at ChildProcess._handle.onexit (node:internal/child_process:294:12)
2024-09-06 22:43:06.486 [error] Error: Git error
	at ChildProcess.<anonymous> (/home/chetsadaphonkantiya/.vscode-server/bin/4849ca9bdf9666755eb463db297b69e5385090e3/extensions/git/dist/main.js:2:1031708)
	at ChildProcess.emit (node:events:531:35)
	at ChildProcess._handle.onexit (node:internal/child_process:294:12)
2024-09-06 22:43:06.487 [error] Error: Git error
	at ChildProcess.<anonymous> (/home/chetsadaphonkantiya/.vscode-server/bin/4849ca9bdf9666755eb463db297b69e5385090e3/extensions/git/dist/main.js:2:1031708)
	at ChildProcess.emit (node:events:531:35)
	at ChildProcess._handle.onexit (node:internal/child_process:294:12)
2024-09-06 22:43:06.487 [error] Error: Git error
	at ChildProcess.<anonymous> (/home/chetsadaphonkantiya/.vscode-server/bin/4849ca9bdf9666755eb463db297b69e5385090e3/extensions/git/dist/main.js:2:1031708)
	at ChildProcess.emit (node:events:531:35)
	at ChildProcess._handle.onexit (node:internal/child_process:294:12)
2024-09-06 22:43:06.487 [error] Error: Git error
	at ChildProcess.<anonymous> (/home/chetsadaphonkantiya/.vscode-server/bin/4849ca9bdf9666755eb463db297b69e5385090e3/extensions/git/dist/main.js:2:1031708)
	at ChildProcess.emit (node:events:531:35)
	at ChildProcess._handle.onexit (node:internal/child_process:294:12)
2024-09-06 22:45:08.042 [error] Error: Git error
	at ChildProcess.<anonymous> (/home/chetsadaphonkantiya/.vscode-server/bin/4849ca9bdf9666755eb463db297b69e5385090e3/extensions/git/dist/main.js:2:1031708)
	at ChildProcess.emit (node:events:531:35)
	at ChildProcess._handle.onexit (node:internal/child_process:294:12)
2024-09-06 22:45:08.042 [error] Error: Git error
	at ChildProcess.<anonymous> (/home/chetsadaphonkantiya/.vscode-server/bin/4849ca9bdf9666755eb463db297b69e5385090e3/extensions/git/dist/main.js:2:1031708)
	at ChildProcess.emit (node:events:531:35)
	at ChildProcess._handle.onexit (node:internal/child_process:294:12)
2024-09-06 22:45:09.043 [error] Error: Git error
	at ChildProcess.<anonymous> (/home/chetsadaphonkantiya/.vscode-server/bin/4849ca9bdf9666755eb463db297b69e5385090e3/extensions/git/dist/main.js:2:1031708)
	at ChildProcess.emit (node:events:531:35)
	at ChildProcess._handle.onexit (node:internal/child_process:294:12)
2024-09-06 22:45:09.043 [error] Error: Git error
	at ChildProcess.<anonymous> (/home/chetsadaphonkantiya/.vscode-server/bin/4849ca9bdf9666755eb463db297b69e5385090e3/extensions/git/dist/main.js:2:1031708)
	at ChildProcess.emit (node:events:531:35)
	at ChildProcess._handle.onexit (node:internal/child_process:294:12)
2024-09-06 22:45:24.904 [error] Error: Git error
	at ChildProcess.<anonymous> (/home/chetsadaphonkantiya/.vscode-server/bin/4849ca9bdf9666755eb463db297b69e5385090e3/extensions/git/dist/main.js:2:1031708)
	at ChildProcess.emit (node:events:531:35)
	at ChildProcess._handle.onexit (node:internal/child_process:294:12)
2024-09-06 22:45:25.905 [error] Error: Git error
	at ChildProcess.<anonymous> (/home/chetsadaphonkantiya/.vscode-server/bin/4849ca9bdf9666755eb463db297b69e5385090e3/extensions/git/dist/main.js:2:1031708)
	at ChildProcess.emit (node:events:531:35)
	at ChildProcess._handle.onexit (node:internal/child_process:294:12)
2024-09-06 22:45:47.479 [error] Error: Git error
	at ChildProcess.<anonymous> (/home/chetsadaphonkantiya/.vscode-server/bin/4849ca9bdf9666755eb463db297b69e5385090e3/extensions/git/dist/main.js:2:1031708)
	at ChildProcess.emit (node:events:531:35)
	at ChildProcess._handle.onexit (node:internal/child_process:294:12)
2024-09-06 22:45:48.480 [error] Error: Git error
	at ChildProcess.<anonymous> (/home/chetsadaphonkantiya/.vscode-server/bin/4849ca9bdf9666755eb463db297b69e5385090e3/extensions/git/dist/main.js:2:1031708)
	at ChildProcess.emit (node:events:531:35)
	at ChildProcess._handle.onexit (node:internal/child_process:294:12)
